
> promomates-frontend@0.1.0 dev
> vite --host 127.0.0.1 --port 5173

[2m11:55:29 am[22m [36m[1m[vite][22m[39m [90m[2m(client)[22m[39m Re-optimizing dependencies because vite config has changed

  [32m[1mVITE[22m v8.0.10[39m  [2mready in [0m[1m854[22m[2m[0m ms[22m

  [32m➜[39m  [1mLocal[22m:   [36mhttp://127.0.0.1:[1m5173[22m/[39m
[2m3:22:40 pm[22m [36m[1m[vite][22m[39m [90m[2m(client)[22m[39m [32mhmr update [39m[2m/src/index.css, /src/context/WorkspaceTabsContext.tsx, /src/layouts/AppLayout.tsx, /src/pages/admin/MasterDataLanding.tsx[22m
[2m3:22:47 pm[22m [36m[1m[vite][22m[39m [90m[2m(client)[22m[39m [32mhmr update [39m[2m/src/index.css, /src/components/workspace/ContextDrawer.tsx[22m
[2m3:22:54 pm[22m [36m[1m[vite][22m[39m [90m[2m(client)[22m[39m [32mhmr update [39m[2m/src/index.css, /src/layouts/AppLayout.tsx[22m
[2m11:49:49 pm[22m [36m[1m[vite][22m[39m [90m[2m(client)[22m[39m [32mhmr update [39m[2m/src/index.css[22m
[2m11:50:03 pm[22m [36m[1m[vite][22m[39m [90m[2m(client)[22m[39m [32mhmr update [39m[2m/src/index.css, /src/pages/admin/master-data/CampaignsPage.tsx, /src/pages/admin/master-data/DocumentSubtypesPage.tsx, /src/pages/admin/UserGroups.tsx, /src/pages/admin/master-data/RegionsPage.tsx, /src/pages/admin/master-data/ProductsPage.tsx, /src/pages/admin/master-data/AudiencesPage.tsx, /src/pages/admin/master-data/TherapeuticAreasPage.tsx, /src/pages/admin/master-data/LanguagesPage.tsx, /src/pages/admin/master-data/DesignAgenciesPage.tsx, /src/pages/admin/master-data/DocumentTypesPage.tsx and 11 more[22m
[2m11:50:27 pm[22m [36m[1m[vite][22m[39m [90m[2m(client)[22m[39m [32mhmr update [39m[2m/src/index.css, /src/pages/admin/master-data/CountriesPage.tsx[22m
[2m11:51:08 pm[22m [36m[1m[vite][22m[39m [90m[2m(client)[22m[39m [32mhmr update [39m[2m/src/index.css, /src/routes/AppRoutes.tsx, /src/context/WorkspaceTabsContext.tsx, /src/layouts/AppLayout.tsx, /src/pages/admin/MasterDataLanding.tsx, /src/pages/Dashboard.tsx, /src/pages/Users.tsx, /src/pages/approved-materials/ApprovedMaterialDetail.tsx, /src/pages/documents/CreateDocument.tsx, /src/pages/documents/EditDocument.tsx, /src/pages/documents/DocumentDetail.tsx, /src/pages/distribution/CreateDistributionPackage.tsx, /src/pages/distribution/DistributionPackages.tsx and 8 more[22m
[2m11:51:14 pm[22m [36m[1m[vite][22m[39m [90m[2m(client)[22m[39m [32mhmr update [39m[2m/src/index.css, /src/routes/AppRoutes.tsx, /src/context/WorkspaceTabsContext.tsx, /src/layouts/AppLayout.tsx, /src/pages/admin/MasterDataLanding.tsx, /src/pages/Dashboard.tsx, /src/pages/DocumentLibrary.tsx, /src/pages/documents/DocumentDetail.tsx, /src/pages/requests/MaterialRequests.tsx[22m
[2m11:51:25 pm[22m [36m[1m[vite][22m[39m [90m[2m(client)[22m[39m [32mhmr update [39m[2m/src/index.css, /src/context/WorkspaceTabsContext.tsx, /src/layouts/AppLayout.tsx, /src/pages/admin/MasterDataLanding.tsx[22m
[2m11:51:30 pm[22m [36m[1m[vite][22m[39m [90m[2m(client)[22m[39m [32mhmr update [39m[2m/src/index.css, /src/pages/admin/MasterDataLanding.tsx[22m
[2m11:51:40 pm[22m [36m[1m[vite][22m[39m [90m[2m(client)[22m[39m [32mhmr update [39m[2m/src/index.css, /src/routes/AppRoutes.tsx[22m
[2m11:51:49 pm[22m [36m[1m[vite][22m[39m [90m[2m(client)[22m[39m [32mhmr update [39m[2m/src/index.css[22m
[2m11:52:07 pm[22m [36m[1m[vite][22m[39m [90m[2m(client)[22m[39m [32mhmr update [39m[2m/src/index.css, /src/pages/admin/UserGroups.tsx[22m
[2m11:52:20 pm[22m [36m[1m[vite][22m[39m [90m[2m(client)[22m[39m [32mhmr update [39m[2m/src/index.css, /src/pages/admin/UserGroups.tsx[22m
[2m11:52:28 pm[22m [36m[1m[vite][22m[39m [90m[2m(client)[22m[39m [32mhmr update [39m[2m/src/index.css, /src/pages/admin/UserGroups.tsx[22m
[2m11:52:41 pm[22m [36m[1m[vite][22m[39m [90m[2m(client)[22m[39m [32mhmr update [39m[2m/src/index.css[22m
[2m11:52:59 pm[22m [36m[1m[vite][22m[39m [90m[2m(client)[22m[39m [32mhmr update [39m[2m/src/index.css, /src/pages/Users.tsx[22m
[2m11:53:12 pm[22m [36m[1m[vite][22m[39m [90m[2m(client)[22m[39m [32mhmr update [39m[2m/src/index.css, /src/pages/Users.tsx[22m
[2m11:53:32 pm[22m [36m[1m[vite][22m[39m [90m[2m(client)[22m[39m [32mhmr update [39m[2m/src/index.css, /src/components/users/UserFormModal.tsx[22m
[2m11:53:45 pm[22m [36m[1m[vite][22m[39m [90m[2m(client)[22m[39m [32mhmr update [39m[2m/src/index.css, /src/components/users/UserFormModal.tsx[22m
[2m11:53:52 pm[22m [36m[1m[vite][22m[39m [90m[2m(client)[22m[39m [32mhmr update [39m[2m/src/index.css, /src/components/users/UserFormModal.tsx[22m
[2m11:54:04 pm[22m [36m[1m[vite][22m[39m [90m[2m(client)[22m[39m [32mhmr update [39m[2m/src/index.css, /src/components/users/UserFormModal.tsx[22m
[2m11:54:21 pm[22m [36m[1m[vite][22m[39m [90m[2m(client)[22m[39m [32mhmr update [39m[2m/src/index.css, /src/components/users/UserFormModal.tsx[22m
[2m12:00:50 am[22m [36m[1m[vite][22m[39m [90m[2m(client)[22m[39m [32mhmr update [39m[2m/src/index.css, /src/pages/admin/UserGroups.tsx[22m
[2m12:03:28 am[22m [36m[1m[vite][22m[39m [90m[2m(client)[22m[39m [32mhmr update [39m[2m/src/index.css, /src/routes/AppRoutes.tsx, /src/context/WorkspaceTabsContext.tsx, /src/layouts/AppLayout.tsx, /src/pages/admin/MasterDataLanding.tsx, /src/pages/Dashboard.tsx, /src/pages/DocumentLibrary.tsx, /src/pages/documents/DocumentDetail.tsx, /src/pages/requests/MaterialRequests.tsx[22m
[2m12:03:39 am[22m [36m[1m[vite][22m[39m [90m[2m(client)[22m[39m [32mhmr update [39m[2m/src/index.css, /src/context/WorkspaceTabsContext.tsx, /src/layouts/AppLayout.tsx, /src/pages/admin/MasterDataLanding.tsx[22m
[2m12:31:52 am[22m [36m[1m[vite][22m[39m [90m[2m(client)[22m[39m [32mhmr update [39m[2m/src/index.css, /src/pages/requests/CreateMaterialRequest.tsx, /src/pages/requests/EditMaterialRequest.tsx, /src/pages/requests/MaterialRequests.tsx[22m
[2m12:32:20 am[22m [36m[1m[vite][22m[39m [90m[2m(client)[22m[39m [32mhmr update [39m[2m/src/index.css[22m
[2m12:32:41 am[22m [36m[1m[vite][22m[39m [90m[2m(client)[22m[39m [32mhmr update [39m[2m/src/index.css, /src/pages/requests/CreateMaterialRequest.tsx, /src/pages/requests/EditMaterialRequest.tsx, /src/pages/requests/MaterialRequestDetail.tsx, /src/pages/requests/MaterialRequests.tsx[22m
[2m12:32:49 am[22m [36m[1m[vite][22m[39m [90m[2m(client)[22m[39m [32mhmr update [39m[2m/src/index.css, /src/routes/AppRoutes.tsx, /src/context/WorkspaceTabsContext.tsx, /src/layouts/AppLayout.tsx, /src/pages/admin/MasterDataLanding.tsx, /src/pages/Dashboard.tsx, /src/pages/Users.tsx, /src/pages/approved-materials/ApprovedMaterialDetail.tsx, /src/pages/documents/CreateDocument.tsx, /src/pages/documents/EditDocument.tsx, /src/pages/documents/DocumentDetail.tsx, /src/pages/distribution/CreateDistributionPackage.tsx, /src/pages/distribution/DistributionPackages.tsx and 8 more[22m
[2m12:32:58 am[22m [36m[1m[vite][22m[39m [90m[2m(client)[22m[39m [32mhmr update [39m[2m/src/index.css, /src/routes/AppRoutes.tsx, /src/context/WorkspaceTabsContext.tsx, /src/layouts/AppLayout.tsx, /src/pages/admin/MasterDataLanding.tsx, /src/pages/Dashboard.tsx, /src/pages/DocumentLibrary.tsx, /src/pages/documents/DocumentDetail.tsx, /src/pages/requests/MaterialRequests.tsx[22m
[2m12:33:17 am[22m [36m[1m[vite][22m[39m [90m[2m(client)[22m[39m [32mhmr update [39m[2m/src/index.css, /src/context/WorkspaceTabsContext.tsx, /src/layouts/AppLayout.tsx, /src/pages/admin/MasterDataLanding.tsx[22m
[2m12:33:37 am[22m [36m[1m[vite][22m[39m [90m[2m(client)[22m[39m [32mhmr update [39m[2m/src/index.css, /src/context/WorkspaceTabsContext.tsx, /src/layouts/AppLayout.tsx, /src/pages/admin/MasterDataLanding.tsx[22m
[2m12:33:49 am[22m [36m[1m[vite][22m[39m [90m[2m(client)[22m[39m [32mhmr update [39m[2m/src/index.css, /src/components/ui/StatusBadge.tsx[22m
[2m12:35:01 am[22m [36m[1m[vite][22m[39m [90m[2m(client)[22m[39m [32mhmr update [39m[2m/src/index.css, /src/components/requests/MaterialRequestForm.tsx[22m
[2m12:35:17 am[22m [36m[1m[vite][22m[39m [90m[2m(client)[22m[39m [32mhmr update [39m[2m/src/index.css, /src/components/requests/MaterialRequestForm.tsx[22m
[2m12:35:24 am[22m [36m[1m[vite][22m[39m [90m[2m(client)[22m[39m [32mhmr update [39m[2m/src/index.css, /src/pages/requests/CreateMaterialRequest.tsx[22m
[2m12:35:34 am[22m [36m[1m[vite][22m[39m [90m[2m(client)[22m[39m [32mhmr update [39m[2m/src/index.css, /src/pages/requests/EditMaterialRequest.tsx[22m
[2m12:35:58 am[22m [36m[1m[vite][22m[39m [90m[2m(client)[22m[39m [32mhmr update [39m[2m/src/index.css, /src/pages/requests/MaterialRequests.tsx[22m
[2m12:36:08 am[22m [36m[1m[vite][22m[39m [90m[2m(client)[22m[39m [32mhmr update [39m[2m/src/index.css, /src/pages/requests/MaterialRequests.tsx[22m
[2m12:36:14 am[22m [36m[1m[vite][22m[39m [90m[2m(client)[22m[39m [32mhmr update [39m[2m/src/index.css, /src/pages/requests/MaterialRequestDetail.tsx[22m
[2m12:36:22 am[22m [36m[1m[vite][22m[39m [90m[2m(client)[22m[39m [32mhmr update [39m[2m/src/index.css, /src/pages/requests/MaterialRequestDetail.tsx[22m
[2m12:36:29 am[22m [36m[1m[vite][22m[39m [90m[2m(client)[22m[39m [32mhmr update [39m[2m/src/index.css, /src/pages/requests/MaterialRequestDetail.tsx[22m
[2m12:36:36 am[22m [36m[1m[vite][22m[39m [90m[2m(client)[22m[39m [32mhmr update [39m[2m/src/index.css, /src/pages/requests/MaterialRequestDetail.tsx[22m
[2m12:36:50 am[22m [36m[1m[vite][22m[39m [90m[2m(client)[22m[39m [32mhmr update [39m[2m/src/index.css, /src/pages/requests/MaterialRequestDetail.tsx[22m
[2m12:36:57 am[22m [36m[1m[vite][22m[39m [90m[2m(client)[22m[39m [32mhmr update [39m[2m/src/index.css, /src/pages/requests/MaterialRequestDetail.tsx[22m
[2m12:37:03 am[22m [36m[1m[vite][22m[39m [90m[2m(client)[22m[39m [32mhmr update [39m[2m/src/index.css, /src/pages/requests/MaterialRequestDetail.tsx[22m
[2m12:37:12 am[22m [36m[1m[vite][22m[39m [90m[2m(client)[22m[39m [32mhmr update [39m[2m/src/index.css, /src/pages/requests/MaterialRequestDetail.tsx[22m
[2m12:37:20 am[22m [36m[1m[vite][22m[39m [90m[2m(client)[22m[39m [32mhmr update [39m[2m/src/index.css, /src/pages/requests/MaterialRequestDetail.tsx[22m
[2m12:37:30 am[22m [36m[1m[vite][22m[39m [90m[2m(client)[22m[39m [32mhmr update [39m[2m/src/index.css, /src/pages/requests/MaterialRequestDetail.tsx[22m
[2m12:37:40 am[22m [36m[1m[vite][22m[39m [90m[2m(client)[22m[39m [32mhmr update [39m[2m/src/index.css, /src/pages/requests/MaterialRequestDetail.tsx[22m
[2m12:37:55 am[22m [36m[1m[vite][22m[39m [90m[2m(client)[22m[39m [32mhmr update [39m[2m/src/index.css, /src/pages/requests/MaterialRequestDetail.tsx[22m
[2m12:38:01 am[22m [36m[1m[vite][22m[39m [90m[2m(client)[22m[39m [32mhmr update [39m[2m/src/index.css, /src/pages/requests/MaterialRequestDetail.tsx[22m
[2m12:38:11 am[22m [36m[1m[vite][22m[39m [90m[2m(client)[22m[39m [32mhmr update [39m[2m/src/index.css, /src/pages/requests/MaterialRequestDetail.tsx[22m
[2m12:38:24 am[22m [36m[1m[vite][22m[39m [90m[2m(client)[22m[39m [32mhmr update [39m[2m/src/index.css, /src/pages/requests/MaterialRequestDetail.tsx[22m
[2m12:38:39 am[22m [36m[1m[vite][22m[39m [90m[2m(client)[22m[39m [32mhmr update [39m[2m/src/index.css, /src/pages/requests/MaterialRequestDetail.tsx[22m
[2m12:38:46 am[22m [36m[1m[vite][22m[39m [90m[2m(client)[22m[39m [32mhmr update [39m[2m/src/index.css, /src/pages/requests/MaterialRequestDetail.tsx[22m
[2m12:38:53 am[22m [36m[1m[vite][22m[39m [90m[2m(client)[22m[39m [32mhmr update [39m[2m/src/index.css, /src/pages/requests/MaterialRequestDetail.tsx[22m
[2m12:39:23 am[22m [36m[1m[vite][22m[39m [90m[2m(client)[22m[39m [32mhmr update [39m[2m/src/index.css, /src/pages/requests/MaterialRequestDetail.tsx[22m
[2m12:39:33 am[22m [36m[1m[vite][22m[39m [90m[2m(client)[22m[39m [32mhmr update [39m[2m/src/index.css, /src/pages/requests/MaterialRequestDetail.tsx[22m
[2m12:39:40 am[22m [36m[1m[vite][22m[39m [90m[2m(client)[22m[39m [32mhmr update [39m[2m/src/index.css, /src/pages/requests/MaterialRequestDetail.tsx[22m
[2m12:39:56 am[22m [36m[1m[vite][22m[39m [90m[2m(client)[22m[39m [32mhmr update [39m[2m/src/index.css, /src/pages/requests/MaterialRequestDetail.tsx[22m
[2m12:40:16 am[22m [36m[1m[vite][22m[39m [90m[2m(client)[22m[39m [32mhmr update [39m[2m/src/index.css, /src/components/guidance/RoleFlowGuide.tsx[22m
[2m12:40:20 am[22m [36m[1m[vite][22m[39m [90m[2m(client)[22m[39m [32mhmr update [39m[2m/src/index.css, /src/pages/documents/DocumentDetail.tsx[22m
[2m12:40:30 am[22m [36m[1m[vite][22m[39m [90m[2m(client)[22m[39m [32mhmr update [39m[2m/src/index.css, /src/components/requests/MaterialRequestForm.tsx[22m
[2m12:41:06 am[22m [36m[1m[vite][22m[39m [90m[2m(client)[22m[39m [32mhmr update [39m[2m/src/index.css, /src/pages/requests/EditMaterialRequest.tsx[22m
